The target system is: Generic -  - ARM
The host system is: Darwin - 22.6.0 - arm64
Compiling the C compiler identification source file "CMakeCCompilerId.c" succeeded.
Compiler: /Applications/ArmGNUToolchain/12.3.rel1/arm-none-eabi/bin/arm-none-eabi-gcc 
Build flags: ;-mcpu=cortex-m0plus;;-Wall;-Wextra;-Wpedantic;-fdata-sections;-ffunction-sections;-O0;-g3
Id flags: -c 

The output was:
0


Compilation of the C compiler identification source "CMakeCCompilerId.c" produced "CMakeCCompilerId.o"

The C compiler identification is GNU, found in "/Users/ivan/Programming/luminaire/build/CMakeFiles/3.24.2/CompilerIdC/CMakeCCompilerId.o"

Checking whether the ASM compiler is GNU using "--version" matched "(GNU assembler)|(GCC)|(Free Software Foundation)":
arm-none-eabi-gcc (Arm GNU Toolchain 12.3.Rel1 (Build arm-12.35)) 12.3.1 20230626
Copyright (C) 2022 Free Software Foundation, Inc.
This is free software; see the source for copying conditions.  There is NO
warranty; not even for MERCHANTABILITY or FITNESS FOR A PARTICULAR PURPOSE.

Compiling the CXX compiler identification source file "CMakeCXXCompilerId.cpp" succeeded.
Compiler: /Applications/ArmGNUToolchain/12.3.rel1/arm-none-eabi/bin/arm-none-eabi-g++ 
Build flags: ;-mcpu=cortex-m0plus;;-Wall;-Wextra;-Wpedantic;-fdata-sections;-ffunction-sections;-O0;-g3;-fno-rtti;-fno-exceptions;-fno-threadsafe-statics
Id flags: -c 

The output was:
0


Compilation of the CXX compiler identification source "CMakeCXXCompilerId.cpp" produced "CMakeCXXCompilerId.o"

The CXX compiler identification is GNU, found in "/Users/ivan/Programming/luminaire/build/CMakeFiles/3.24.2/CompilerIdCXX/CMakeCXXCompilerId.o"

